23:29:16 **** Clean-only build of configuration Debug for project assignment1 ****
rm -rf even_odd.d assignment1.exe even_odd.o 
rm: cannot remove `assignment1.exe': Permission denied
23:29:24 **** Rebuild of configuration Debug for project assignment1 ****
Info: Internal Builder is used for build
gcc -O0 -g3 -Wall -c -fmessage-length=0 -o even_odd.o "..\\even_odd.c" 
gcc -o assignment1.exe even_odd.o 
c:/mingw/bin/../lib/gcc/mingw32/6.3.0/../../../../mingw32/bin/ld.exe: cannot open output file assignment1.exe: Permission denied
collect2.exe: error: ld returned 1 exit status
23:29:26 **** Incremental Build of configuration Debug for project assignment1 ****
Info: Internal Builder is used for build
gcc -o assignment1.exe even_odd.o 
c:/mingw/bin/../lib/gcc/mingw32/6.3.0/../../../../mingw32/bin/ld.exe: cannot open output file assignment1.exe: Permission denied
collect2.exe: error: ld returned 1 exit status
23:29:30 **** Incremental Build of configuration Debug for project assignment1 ****
Info: Internal Builder is used for build
gcc -o assignment1.exe even_odd.o 
c:/mingw/bin/../lib/gcc/mingw32/6.3.0/../../../../mingw32/bin/ld.exe: cannot open output file assignment1.exe: Permission denied
collect2.exe: error: ld returned 1 exit status
23:29:53 **** Incremental Build of configuration Debug for project assignment1 ****
Info: Internal Builder is used for build
gcc -o assignment1.exe even_odd.o 
23:30:30 **** Incremental Build of configuration Debug for project assignment1 ****
Info: Internal Builder is used for build
gcc -O0 -g3 -Wall -c -fmessage-length=0 -o even_odd.o "..\\even_odd.c" 
gcc -o assignment1.exe even_odd.o 
Info: Nothing to build for assignment1
23:32:38 **** Incremental Build of configuration Debug for project assignment1 ****
Info: Internal Builder is used for build
gcc -O0 -g3 -Wall -c -fmessage-length=0 -o even_odd.o "..\\even_odd.c" 
gcc -o assignment1.exe even_odd.o 
23:32:44 **** Incremental Build of configuration Debug for project assignment1 ****
Info: Internal Builder is used for build
gcc -O0 -g3 -Wall -c -fmessage-length=0 -o even_odd.o "..\\even_odd.c" 
gcc -o assignment1.exe even_odd.o 
Info: Nothing to build for assignment1
23:36:26 **** Incremental Build of configuration Debug for project assignment1 ****
Info: Internal Builder is used for build
gcc -O0 -g3 -Wall -c -fmessage-length=0 -o even_odd.o "..\\even_odd.c" 
..\even_odd.c: In function 'main':
..\even_odd.c:20:9: warning: implicit declaration of function 'getche' [-Wimplicit-function-declaration]
  }while(getche()=='q')
         ^~~~~~
..\even_odd.c:22:2: error: expected ';' before 'return'
  return 0;
  ^~~~~~
23:36:58 **** Incremental Build of configuration Debug for project assignment1 ****
Info: Internal Builder is used for build
gcc -O0 -g3 -Wall -c -fmessage-length=0 -o even_odd.o "..\\even_odd.c" 
..\even_odd.c: In function 'main':
..\even_odd.c:20:9: warning: implicit declaration of function 'getche' [-Wimplicit-function-declaration]
  }while(getche()=='q');
         ^~~~~~
gcc -o assignment1.exe even_odd.o 
Info: Nothing to build for assignment1
Info: Nothing to build for assignment1
Info: Nothing to build for assignment1
23:38:37 **** Incremental Build of configuration Debug for project assignment1 ****
Info: Internal Builder is used for build
gcc -O0 -g3 -Wall -c -fmessage-length=0 -o even_odd.o "..\\even_odd.c" 
..\even_odd.c: In function 'main':
..\even_odd.c:20:9: warning: implicit declaration of function 'getche' [-Wimplicit-function-declaration]
  }while(getche()!='q');
         ^~~~~~
gcc -o assignment1.exe even_odd.o 
Info: Nothing to build for assignment1
Info: Nothing to build for assignment1
23:40:33 **** Incremental Build of configuration Debug for project assignment1 ****
Info: Internal Builder is used for build
gcc -O0 -g3 -Wall -c -fmessage-length=0 -o even_odd.o "..\\even_odd.c" 
gcc -o assignment1.exe even_odd.o 
c:/mingw/bin/../lib/gcc/mingw32/6.3.0/../../../../mingw32/bin/ld.exe: cannot open output file assignment1.exe: Permission denied
collect2.exe: error: ld returned 1 exit status
23:40:36 **** Incremental Build of configuration Debug for project assignment1 ****
Info: Internal Builder is used for build
gcc -o assignment1.exe even_odd.o 
c:/mingw/bin/../lib/gcc/mingw32/6.3.0/../../../../mingw32/bin/ld.exe: cannot open output file assignment1.exe: Permission denied
collect2.exe: error: ld returned 1 exit status
23:40:54 **** Incremental Build of configuration Debug for project assignment1 ****
Info: Internal Builder is used for build
gcc -o assignment1.exe even_odd.o 
Info: Nothing to build for assignment1
Info: Nothing to build for assignment1
23:41:33 **** Incremental Build of configuration Debug for project assignment1 ****
Info: Internal Builder is used for build
gcc -O0 -g3 -Wall -c -fmessage-length=0 -o even_odd.o "..\\even_odd.c" 
..\even_odd.c: In function 'main':
..\even_odd.c:10:25: error: invalid type argument of unary '*' (have 'int')
    printf("%d is odddd",*x);
                         ^~
23:41:41 **** Incremental Build of configuration Debug for project assignment1 ****
Info: Internal Builder is used for build
gcc -O0 -g3 -Wall -c -fmessage-length=0 -o even_odd.o "..\\even_odd.c" 
gcc -o assignment1.exe even_odd.o 
c:/mingw/bin/../lib/gcc/mingw32/6.3.0/../../../../mingw32/bin/ld.exe: cannot open output file assignment1.exe: Permission denied
collect2.exe: error: ld returned 1 exit status
23:42:27 **** Incremental Build of configuration Debug for project assignment1 ****
Info: Internal Builder is used for build
gcc -O0 -g3 -Wall -c -fmessage-length=0 -o even_odd.o "..\\even_odd.c" 
gcc -o assignment1.exe even_odd.o 
c:/mingw/bin/../lib/gcc/mingw32/6.3.0/../../../../mingw32/bin/ld.exe: cannot open output file assignment1.exe: Permission denied
collect2.exe: error: ld returned 1 exit status
23:42:30 **** Incremental Build of configuration Debug for project assignment1 ****
Info: Internal Builder is used for build
gcc -o assignment1.exe even_odd.o 
c:/mingw/bin/../lib/gcc/mingw32/6.3.0/../../../../mingw32/bin/ld.exe: cannot open output file assignment1.exe: Permission denied
collect2.exe: error: ld returned 1 exit status
23:42:40 **** Incremental Build of configuration Debug for project assignment1 ****
Info: Internal Builder is used for build
gcc -o assignment1.exe even_odd.o 
Info: Nothing to build for assignment1
Info: Nothing to build for assignment1
23:48:13 **** Incremental Build of configuration Debug for project assignment1 ****
Info: Internal Builder is used for build
gcc -O0 -g3 -Wall -c -fmessage-length=0 -o even_odd.o "..\\even_odd.c" 
gcc -o assignment1.exe even_odd.o 
c:/mingw/bin/../lib/gcc/mingw32/6.3.0/../../../../mingw32/bin/ld.exe: cannot open output file assignment1.exe: Permission denied
collect2.exe: error: ld returned 1 exit status
23:48:17 **** Incremental Build of configuration Debug for project assignment1 ****
Info: Internal Builder is used for build
gcc -o assignment1.exe even_odd.o 
c:/mingw/bin/../lib/gcc/mingw32/6.3.0/../../../../mingw32/bin/ld.exe: cannot open output file assignment1.exe: Permission denied
collect2.exe: error: ld returned 1 exit status
23:48:50 **** Incremental Build of configuration Debug for project assignment1 ****
Info: Internal Builder is used for build
gcc -O0 -g3 -Wall -c -fmessage-length=0 -o even_odd.o "..\\even_odd.c" 
gcc -o assignment1.exe even_odd.o 
c:/mingw/bin/../lib/gcc/mingw32/6.3.0/../../../../mingw32/bin/ld.exe: cannot open output file assignment1.exe: Permission denied
collect2.exe: error: ld returned 1 exit status
23:48:53 **** Incremental Build of configuration Debug for project assignment1 ****
Info: Internal Builder is used for build
gcc -o assignment1.exe even_odd.o 
c:/mingw/bin/../lib/gcc/mingw32/6.3.0/../../../../mingw32/bin/ld.exe: cannot open output file assignment1.exe: Permission denied
collect2.exe: error: ld returned 1 exit status
23:49:14 **** Incremental Build of configuration Debug for project assignment1 ****
Info: Internal Builder is used for build
gcc -o assignment1.exe even_odd.o 
23:50:03 **** Incremental Build of configuration Debug for project assignment1 ****
Info: Internal Builder is used for build
gcc -O0 -g3 -Wall -c -fmessage-length=0 -o even_odd.o "..\\even_odd.c" 
gcc -o assignment1.exe even_odd.o 
Info: Nothing to build for assignment1
23:50:26 **** Incremental Build of configuration Debug for project assignment1 ****
Info: Internal Builder is used for build
gcc -O0 -g3 -Wall -c -fmessage-length=0 -o even_odd.o "..\\even_odd.c" 
gcc -o assignment1.exe even_odd.o 
Info: Nothing to build for assignment1
23:52:36 **** Incremental Build of configuration Debug for project assignment1 ****
Info: Internal Builder is used for build
gcc -O0 -g3 -Wall -c -fmessage-length=0 -o even_odd.o "..\\even_odd.c" 
gcc -o assignment1.exe even_odd.o 
Info: Nothing to build for assignment1
23:52:51 **** Incremental Build of configuration Debug for project assignment1 ****
Info: Internal Builder is used for build
gcc -O0 -g3 -Wall -c -fmessage-length=0 -o even_odd.o "..\\even_odd.c" 
gcc -o assignment1.exe even_odd.o 
Info: Nothing to build for assignment1
23:54:06 **** Incremental Build of configuration Debug for project assignment1 ****
Info: Internal Builder is used for build
gcc -O0 -g3 -Wall -c -fmessage-length=0 -o even_odd.o "..\\even_odd.c" 
..\even_odd.c: In function 'main':
..\even_odd.c:25:9: warning: implicit declaration of function 'getche' [-Wimplicit-function-declaration]
  }while(getche()!='q');
         ^~~~~~
gcc -o assignment1.exe even_odd.o 
Info: Nothing to build for assignment1
23:54:35 **** Incremental Build of configuration Debug for project assignment1 ****
Info: Internal Builder is used for build
gcc -O0 -g3 -Wall -c -fmessage-length=0 -o even_odd.o "..\\even_odd.c" 
..\even_odd.c: In function 'main':
..\even_odd.c:27:9: warning: implicit declaration of function 'getche' [-Wimplicit-function-declaration]
  }while(getche()!='q');
         ^~~~~~
gcc -o assignment1.exe even_odd.o 
c:/mingw/bin/../lib/gcc/mingw32/6.3.0/../../../../mingw32/bin/ld.exe: cannot open output file assignment1.exe: Permission denied
collect2.exe: error: ld returned 1 exit status
23:54:37 **** Incremental Build of configuration Debug for project assignment1 ****
Info: Internal Builder is used for build
gcc -o assignment1.exe even_odd.o 
c:/mingw/bin/../lib/gcc/mingw32/6.3.0/../../../../mingw32/bin/ld.exe: cannot open output file assignment1.exe: Permission denied
collect2.exe: error: ld returned 1 exit status
23:54:54 **** Incremental Build of configuration Debug for project assignment1 ****
Info: Internal Builder is used for build
gcc -o assignment1.exe even_odd.o 
Info: Nothing to build for assignment1
23:55:31 **** Incremental Build of configuration Debug for project assignment1 ****
Info: Internal Builder is used for build
gcc -O0 -g3 -Wall -c -fmessage-length=0 -o even_odd.o "..\\even_odd.c" 
..\even_odd.c: In function 'main':
..\even_odd.c:28:9: warning: implicit declaration of function 'getche' [-Wimplicit-function-declaration]
  }while(getche()!='q');
         ^~~~~~
gcc -o assignment1.exe even_odd.o 
c:/mingw/bin/../lib/gcc/mingw32/6.3.0/../../../../mingw32/bin/ld.exe: cannot open output file assignment1.exe: Permission denied
collect2.exe: error: ld returned 1 exit status
23:55:40 **** Incremental Build of configuration Debug for project assignment1 ****
Info: Internal Builder is used for build
gcc -o assignment1.exe even_odd.o 
23:58:34 **** Incremental Build of configuration Debug for project assignment1 ****
Info: Internal Builder is used for build
gcc -O0 -g3 -Wall -c -fmessage-length=0 -o even_odd.o "..\\even_odd.c" 
gcc -o assignment1.exe even_odd.o 
Info: Nothing to build for assignment1
00:03:02 **** Incremental Build of configuration Debug for project assignment1 ****
Info: Internal Builder is used for build
gcc -O0 -g3 -Wall -c -fmessage-length=0 -o vowelsVsConsonents.o "..\\vowelsVsConsonents.c" 
..\vowelsVsConsonents.c: In function 'main':
..\vowelsVsConsonents.c:9:10: warning: format '%d' expects argument of type 'int *', but argument 2 has type 'char *' [-Wformat=]
  scanf("%d",&x);
          ^
..\vowelsVsConsonents.c:18:10: warning: too many arguments for format [-Wformat-extra-args]
  {printf("&c is a vowel",x);}
          ^~~~~~~~~~~~~~~
..\vowelsVsConsonents.c:20:10: warning: too many arguments for format [-Wformat-extra-args]
   printf("&c is a consonent",x);
          ^~~~~~~~~~~~~~~~~~~
gcc -o assignment1.exe even_odd.o vowelsVsConsonents.o 
vowelsVsConsonents.o: In function `main':
C:\Users\mahmo\Downloads\KIROLOS_DIPLOMA\New folder\assignment1\Debug/../vowelsVsConsonents.c:3: multiple definition of `main'
even_odd.o:C:\Users\mahmo\Downloads\KIROLOS_DIPLOMA\New folder\assignment1\Debug/../even_odd.c:3: first defined here
collect2.exe: error: ld returned 1 exit status
00:03:30 **** Incremental Build of configuration Debug for project assignment1 ****
Info: Internal Builder is used for build
gcc -O0 -g3 -Wall -c -fmessage-length=0 -o even_odd.o "..\\even_odd.c" 
gcc -o assignment1.exe even_odd.o vowelsVsConsonents.o 
Info: Nothing to build for assignment1
Info: Nothing to build for assignment1
00:04:15 **** Incremental Build of configuration Debug for project assignment1 ****
Info: Internal Builder is used for build
gcc -O0 -g3 -Wall -c -fmessage-length=0 -o vowelsVsConsonents.o "..\\vowelsVsConsonents.c" 
..\vowelsVsConsonents.c: In function 'main':
..\vowelsVsConsonents.c:9:10: warning: format '%d' expects argument of type 'int *', but argument 2 has type 'char *' [-Wformat=]
  scanf("%d",&x);
          ^
gcc -o assignment1.exe even_odd.o vowelsVsConsonents.o 
Info: Nothing to build for assignment1
00:04:56 **** Incremental Build of configuration Debug for project assignment1 ****
Info: Internal Builder is used for build
gcc -O0 -g3 -Wall -c -fmessage-length=0 -o vowelsVsConsonents.o "..\\vowelsVsConsonents.c" 
..\vowelsVsConsonents.c: In function 'main':
..\vowelsVsConsonents.c:9:10: warning: format '%d' expects argument of type 'int *', but argument 2 has type 'char *' [-Wformat=]
  scanf("%d",&x);
          ^
gcc -o assignment1.exe even_odd.o vowelsVsConsonents.o 
Info: Nothing to build for assignment1
Info: Nothing to build for assignment1
00:07:09 **** Incremental Build of configuration Debug for project assignment1 ****
Info: Internal Builder is used for build
gcc -O0 -g3 -Wall -c -fmessage-length=0 -o vowelsVsConsonents.o "..\\vowelsVsConsonents.c" 
..\vowelsVsConsonents.c: In function 'main':
..\vowelsVsConsonents.c:8:10: warning: format '%d' expects argument of type 'int *', but argument 2 has type 'char *' [-Wformat=]
  scanf("%d",&x);
          ^
gcc -o assignment1.exe even_odd.o vowelsVsConsonents.o 
00:07:19 **** Incremental Build of configuration Debug for project assignment1 ****
Info: Internal Builder is used for build
gcc -O0 -g3 -Wall -c -fmessage-length=0 -o vowelsVsConsonents.o "..\\vowelsVsConsonents.c" 
gcc -o assignment1.exe even_odd.o vowelsVsConsonents.o 
Info: Nothing to build for assignment1
Info: Nothing to build for assignment1
Info: Nothing to build for assignment1
00:12:53 **** Incremental Build of configuration Debug for project assignment1 ****
Info: Internal Builder is used for build
gcc -O0 -g3 -Wall -c -fmessage-length=0 -o main.o "..\\main.c" 
..\main.c: In function 'main':
..\main.c:14:2: warning: implicit declaration of function 'EvenVsOdd' [-Wimplicit-function-declaration]
  EvenVsOdd();
  ^~~~~~~~~
gcc -O0 -g3 -Wall -c -fmessage-length=0 -o even_odd.o "..\\even_odd.c" 
..\even_odd.c: In function 'EvenVsOdd':
..\even_odd.c:25:9: warning: 'return' with a value, in function returning void
  return 0;
         ^
..\even_odd.c:3:6: note: declared here
 void EvenVsOdd()
      ^~~~~~~~~
gcc -O0 -g3 -Wall -c -fmessage-length=0 -o vowelsVsConsonents.o "..\\vowelsVsConsonents.c" 
gcc -o assignment1.exe even_odd.o main.o vowelsVsConsonents.o 
00:12:58 **** Incremental Build of configuration Debug for project assignment1 ****
Info: Internal Builder is used for build
gcc -O0 -g3 -Wall -c -fmessage-length=0 -o main.o "..\\main.c" 
gcc -o assignment1.exe even_odd.o main.o vowelsVsConsonents.o 
00:14:05 **** Incremental Build of configuration Debug for project assignment1 ****
Info: Internal Builder is used for build
gcc -O0 -g3 -Wall -c -fmessage-length=0 -o main.o "..\\main.c" 
gcc -o assignment1.exe even_odd.o main.o vowelsVsConsonents.o 
00:14:09 **** Incremental Build of configuration Debug for project assignment1 ****
Info: Internal Builder is used for build
gcc -O0 -g3 -Wall -c -fmessage-length=0 -o vowelsVsConsonents.o "..\\vowelsVsConsonents.c" 
..\vowelsVsConsonents.c: In function 'VowVsCon':
..\vowelsVsConsonents.c:25:9: warning: 'return' with a value, in function returning void
  return 0;
         ^
..\vowelsVsConsonents.c:3:6: note: declared here
 void VowVsCon()
      ^~~~~~~~
gcc -o assignment1.exe even_odd.o main.o vowelsVsConsonents.o 
00:14:43 **** Incremental Build of configuration Debug for project assignment1 ****
Info: Internal Builder is used for build
gcc -O0 -g3 -Wall -c -fmessage-length=0 -o main.o "..\\main.c" 
gcc -o assignment1.exe even_odd.o main.o vowelsVsConsonents.o 
Info: Nothing to build for assignment1
00:24:06 **** Incremental Build of configuration Debug for project assignment1 ****
Info: Internal Builder is used for build
gcc -O0 -g3 -Wall -c -fmessage-length=0 -o vowelsVsConsonents.o "..\\vowelsVsConsonents.c" 
gcc -O0 -g3 -Wall -c -fmessage-length=0 -o even_odd.o "..\\even_odd.c" 
gcc -O0 -g3 -Wall -c -fmessage-length=0 -o Largest.o "..\\Largest.c" 
gcc -O0 -g3 -Wall -c -fmessage-length=0 -o main.o "..\\main.c" 
gcc -o assignment1.exe Largest.o even_odd.o main.o vowelsVsConsonents.o 
00:24:22 **** Incremental Build of configuration Debug for project assignment1 ****
Info: Internal Builder is used for build
gcc -O0 -g3 -Wall -c -fmessage-length=0 -o main.o "..\\main.c" 
gcc -o assignment1.exe Largest.o even_odd.o main.o vowelsVsConsonents.o 
Info: Nothing to build for assignment1
Info: Nothing to build for assignment1
Info: Nothing to build for assignment1
Info: Nothing to build for assignment1
00:32:31 **** Incremental Build of configuration Debug for project assignment1 ****
Info: Internal Builder is used for build
gcc -O0 -g3 -Wall -c -fmessage-length=0 -o isAlphabet.o "..\\isAlphabet.c" 
..\isAlphabet.c: In function 'isAlphabet':
..\isAlphabet.c:17:10: warning: format '%c' expects argument of type 'char *', but argument 2 has type 'int' [-Wformat=]
  scanf("%c",c);
          ^
..\isAlphabet.c:19:12: warning: suggest parentheses around '&&' within '||' [-Wparentheses]
  if(c>= 65 && c<= 90 || c >= 141 && c<= 172 )
     ~~~~~~~^~~~~~~~~
..\isAlphabet.c:17:2: warning: 'c' is used uninitialized in this function [-Wuninitialized]
  scanf("%c",c);
  ^~~~~~~~~~~~~
gcc -O0 -g3 -Wall -c -fmessage-length=0 -o main.o "..\\main.c" 
gcc -o assignment1.exe Largest.o even_odd.o isAlphabet.o main.o vowelsVsConsonents.o 
00:33:14 **** Incremental Build of configuration Debug for project assignment1 ****
Info: Internal Builder is used for build
gcc -O0 -g3 -Wall -c -fmessage-length=0 -o isAlphabet.o "..\\isAlphabet.c" 
..\isAlphabet.c: In function 'isAlphabet':
..\isAlphabet.c:17:10: warning: format '%c' expects argument of type 'char *', but argument 2 has type 'int' [-Wformat=]
  scanf("%c",c);
          ^
..\isAlphabet.c:17:2: warning: 'c' is used uninitialized in this function [-Wuninitialized]
  scanf("%c",c);
  ^~~~~~~~~~~~~
gcc -o assignment1.exe Largest.o even_odd.o isAlphabet.o main.o vowelsVsConsonents.o 
00:33:28 **** Incremental Build of configuration Debug for project assignment1 ****
Info: Internal Builder is used for build
gcc -O0 -g3 -Wall -c -fmessage-length=0 -o main.o "..\\main.c" 
gcc -o assignment1.exe Largest.o even_odd.o isAlphabet.o main.o vowelsVsConsonents.o 
Info: Nothing to build for assignment1
00:35:11 **** Incremental Build of configuration Debug for project assignment1 ****
Info: Internal Builder is used for build
gcc -O0 -g3 -Wall -c -fmessage-length=0 -o isAlphabet.o "..\\isAlphabet.c" 
..\isAlphabet.c: In function 'isAlphabet':
..\isAlphabet.c:17:10: warning: format '%c' expects argument of type 'char *', but argument 2 has type 'int' [-Wformat=]
  scanf("%c",c);
          ^
..\isAlphabet.c:17:2: warning: 'c' is used uninitialized in this function [-Wuninitialized]
  scanf("%c",c);
  ^~~~~~~~~~~~~
gcc -O0 -g3 -Wall -c -fmessage-length=0 -o main.o "..\\main.c" 
gcc -o assignment1.exe Largest.o even_odd.o isAlphabet.o main.o vowelsVsConsonents.o 
00:35:55 **** Incremental Build of configuration Debug for project assignment1 ****
Info: Internal Builder is used for build
gcc -O0 -g3 -Wall -c -fmessage-length=0 -o isAlphabet.o "..\\isAlphabet.c" 
gcc -o assignment1.exe Largest.o even_odd.o isAlphabet.o main.o vowelsVsConsonents.o 
c:/mingw/bin/../lib/gcc/mingw32/6.3.0/../../../../mingw32/bin/ld.exe: cannot open output file assignment1.exe: Permission denied
collect2.exe: error: ld returned 1 exit status
00:36:11 **** Incremental Build of configuration Debug for project assignment1 ****
Info: Internal Builder is used for build
gcc -o assignment1.exe Largest.o even_odd.o isAlphabet.o main.o vowelsVsConsonents.o 
Info: Nothing to build for assignment1
Info: Nothing to build for assignment1
00:36:43 **** Incremental Build of configuration Debug for project assignment1 ****
Info: Internal Builder is used for build
gcc -O0 -g3 -Wall -c -fmessage-length=0 -o isAlphabet.o "..\\isAlphabet.c" 
gcc -o assignment1.exe Largest.o even_odd.o isAlphabet.o main.o vowelsVsConsonents.o 
c:/mingw/bin/../lib/gcc/mingw32/6.3.0/../../../../mingw32/bin/ld.exe: cannot open output file assignment1.exe: Permission denied
collect2.exe: error: ld returned 1 exit status
00:37:24 **** Incremental Build of configuration Debug for project assignment1 ****
Info: Internal Builder is used for build
gcc -O0 -g3 -Wall -c -fmessage-length=0 -o isAlphabet.o "..\\isAlphabet.c" 
gcc -o assignment1.exe Largest.o even_odd.o isAlphabet.o main.o vowelsVsConsonents.o 
c:/mingw/bin/../lib/gcc/mingw32/6.3.0/../../../../mingw32/bin/ld.exe: cannot open output file assignment1.exe: Permission denied
collect2.exe: error: ld returned 1 exit status
00:37:25 **** Incremental Build of configuration Debug for project assignment1 ****
Info: Internal Builder is used for build
gcc -o assignment1.exe Largest.o even_odd.o isAlphabet.o main.o vowelsVsConsonents.o 
c:/mingw/bin/../lib/gcc/mingw32/6.3.0/../../../../mingw32/bin/ld.exe: cannot open output file assignment1.exe: Permission denied
collect2.exe: error: ld returned 1 exit status
00:37:50 **** Incremental Build of configuration Debug for project assignment1 ****
Info: Internal Builder is used for build
gcc -o assignment1.exe Largest.o even_odd.o isAlphabet.o main.o vowelsVsConsonents.o 
Info: Nothing to build for assignment1
Info: Nothing to build for assignment1
00:38:58 **** Incremental Build of configuration Debug for project assignment1 ****
Info: Internal Builder is used for build
gcc -O0 -g3 -Wall -c -fmessage-length=0 -o isAlphabet.o "..\\isAlphabet.c" 
gcc -o assignment1.exe Largest.o even_odd.o isAlphabet.o main.o vowelsVsConsonents.o 
Info: Nothing to build for assignment1
00:39:48 **** Incremental Build of configuration Debug for project assignment1 ****
Info: Internal Builder is used for build
gcc -O0 -g3 -Wall -c -fmessage-length=0 -o isAlphabet.o "..\\isAlphabet.c" 
gcc -o assignment1.exe Largest.o even_odd.o isAlphabet.o main.o vowelsVsConsonents.o 
00:40:24 **** Incremental Build of configuration Debug for project assignment1 ****
Info: Internal Builder is used for build
gcc -O0 -g3 -Wall -c -fmessage-length=0 -o isAlphabet.o "..\\isAlphabet.c" 
gcc -o assignment1.exe Largest.o even_odd.o isAlphabet.o main.o vowelsVsConsonents.o 
00:41:02 **** Incremental Build of configuration Debug for project assignment1 ****
Info: Internal Builder is used for build
gcc -O0 -g3 -Wall -c -fmessage-length=0 -o isAlphabet.o "..\\isAlphabet.c" 
gcc -o assignment1.exe Largest.o even_odd.o isAlphabet.o main.o vowelsVsConsonents.o 
Info: Nothing to build for assignment1
Info: Nothing to build for assignment1
Info: Nothing to build for assignment1
Info: Nothing to build for assignment1
Info: Nothing to build for assignment1
Info: Nothing to build for assignment1
20:16:31 **** Incremental Build of configuration Debug for project assignment1 ****
Info: Internal Builder is used for build
gcc -O0 -g3 -Wall -c -fmessage-length=0 -o main.o "..\\main.c" 
gcc -O0 -g3 -Wall -c -fmessage-length=0 -o Sum.o "..\\Sum.c" 
gcc -o assignment1.exe Largest.o Sum.o even_odd.o isAlphabet.o main.o vowelsVsConsonents.o 
Info: Nothing to build for assignment1
20:18:02 **** Incremental Build of configuration Debug for project assignment1 ****
Info: Internal Builder is used for build
gcc -O0 -g3 -Wall -c -fmessage-length=0 -o Sum.o "..\\Sum.c" 
gcc -o assignment1.exe Largest.o Sum.o even_odd.o isAlphabet.o main.o vowelsVsConsonents.o 
Info: Nothing to build for assignment1
Info: Nothing to build for assignment1
Info: Nothing to build for assignment1
